0 info it worked if it ends with ok
1 verbose cli [ 'D:\\Program Files\\nodejs\\\\node.exe',
1 verbose cli   'D:\\Program Files\\nodejs\\node_modules\\npm\\bin\\npm-cli.js',
1 verbose cli   'install',
1 verbose cli   '-g',
1 verbose cli   'n' ]
2 info using npm@2.7.4
3 info using node@v0.12.2
4 verbose node symlink D:\Program Files\nodejs\\node.exe
5 silly cache add args [ 'n', null ]
6 verbose cache add spec n
7 silly cache add parsed spec { raw: 'n',
7 silly cache add   scope: null,
7 silly cache add   name: 'n',
7 silly cache add   rawSpec: '',
7 silly cache add   spec: '*',
7 silly cache add   type: 'range' }
8 verbose addNamed n@*
9 silly addNamed semver.valid null
10 silly addNamed semver.validRange *
11 silly addNameRange { name: 'n', range: '*', hasData: false }
12 silly mapToRegistry name n
13 silly mapToRegistry using default registry
14 silly mapToRegistry registry https://registry.npmjs.org/
15 silly mapToRegistry uri https://registry.npmjs.org/n
16 verbose addNameRange registry:https://registry.npmjs.org/n not in flight; fetching
17 verbose request uri https://registry.npmjs.org/n
18 verbose request no auth needed
19 info attempt registry request try #1 at 16:33:13
20 verbose request id 4e0f833dea6063e9
21 http request GET https://registry.npmjs.org/n
22 http 200 https://registry.npmjs.org/n
23 silly get cb [ 200,
23 silly get   { date: 'Thu, 23 Apr 2015 08:33:14 GMT',
23 silly get     server: 'CouchDB/1.5.0 (Erlang OTP/R16B03)',
23 silly get     etag: '"1C6G83FPC5F79N05Y7XZLPPBM"',
23 silly get     'content-type': 'application/json',
23 silly get     'cache-control': 'max-age=60',
23 silly get     'content-length': '41604',
23 silly get     'accept-ranges': 'bytes',
23 silly get     via: '1.1 varnish',
23 silly get     age: '0',
23 silly get     'x-served-by': 'cache-nrt6121-NRT',
23 silly get     'x-cache': 'HIT',
23 silly get     'x-cache-hits': '1',
23 silly get     'x-timer': 'S1429777994.003542,VS0,VE188',
23 silly get     vary: 'Accept',
23 silly get     'keep-alive': 'timeout=10, max=50',
23 silly get     connection: 'Keep-Alive' } ]
24 verbose get saving n to C:\Users\ZhangLiao\AppData\Roaming\npm-cache\registry.npmjs.org\n\.cache.json
25 silly addNameRange number 2 { name: 'n', range: '*', hasData: true }
26 silly addNameRange versions [ 'n',
26 silly addNameRange   [ '0.0.1',
26 silly addNameRange     '0.0.2',
26 silly addNameRange     '0.0.3',
26 silly addNameRange     '0.0.4',
26 silly addNameRange     '0.1.0',
26 silly addNameRange     '0.1.1',
26 silly addNameRange     '0.1.2',
26 silly addNameRange     '0.2.0',
26 silly addNameRange     '0.2.1',
26 silly addNameRange     '0.2.2',
26 silly addNameRange     '0.3.0',
26 silly addNameRange     '0.4.0',
26 silly addNameRange     '0.4.1',
26 silly addNameRange     '0.4.2',
26 silly addNameRange     '0.5.0',
26 silly addNameRange     '0.5.1',
26 silly addNameRange     '0.5.2',
26 silly addNameRange     '0.5.3',
26 silly addNameRange     '0.5.4',
26 silly addNameRange     '0.6.0',
26 silly addNameRange     '0.6.1',
26 silly addNameRange     '0.7.0',
26 silly addNameRange     '0.7.1',
26 silly addNameRange     '0.7.2',
26 silly addNameRange     '0.7.3',
26 silly addNameRange     '0.8.0',
26 silly addNameRange     '0.8.1',
26 silly addNameRange     '0.8.2',
26 silly addNameRange     '0.9.0',
26 silly addNameRange     '0.9.1',
26 silly addNameRange     '0.9.2',
26 silly addNameRange     '0.9.3',
26 silly addNameRange     '1.0.0',
26 silly addNameRange     '1.1.0',
26 silly addNameRange     '1.2.1',
26 silly addNameRange     '1.2.2',
26 silly addNameRange     '1.2.3',
26 silly addNameRange     '1.2.4',
26 silly addNameRange     '1.2.5',
26 silly addNameRange     '1.2.6',
26 silly addNameRange     '1.2.7',
26 silly addNameRange     '1.2.8',
26 silly addNameRange     '1.2.9',
26 silly addNameRange     '1.2.11',
26 silly addNameRange     '1.2.13',
26 silly addNameRange     '1.2.14',
26 silly addNameRange     '1.3.0' ] ]
27 verbose addNamed n@1.3.0
28 silly addNamed semver.valid 1.3.0
29 silly addNamed semver.validRange 1.3.0
30 silly mapToRegistry name n
31 silly mapToRegistry using default registry
32 silly mapToRegistry registry https://registry.npmjs.org/
33 silly mapToRegistry uri https://registry.npmjs.org/n
34 verbose addRemoteTarball https://registry.npmjs.org/n/-/n-1.3.0.tgz not in flight; adding
35 verbose addRemoteTarball [ 'https://registry.npmjs.org/n/-/n-1.3.0.tgz',
35 verbose addRemoteTarball   '95afad80d2c73e89151efc0b4e6a8905cbb8ed2d' ]
36 info retry fetch attempt 1 at 16:33:16
37 info attempt registry request try #1 at 16:33:16
38 http fetch GET https://registry.npmjs.org/n/-/n-1.3.0.tgz
39 http fetch 200 https://registry.npmjs.org/n/-/n-1.3.0.tgz
40 silly fetchAndShaCheck shasum 95afad80d2c73e89151efc0b4e6a8905cbb8ed2d
41 verbose addTmpTarball C:\Users\ZHANGL~1\AppData\Local\Temp\npm-10436-8983abe1\registry.npmjs.org\n\-\n-1.3.0.tgz not in flight; adding
42 verbose addTmpTarball already have metadata; skipping unpack for n@1.3.0
43 silly cache afterAdd n@1.3.0
44 verbose afterAdd C:\Users\ZhangLiao\AppData\Roaming\npm-cache\n\1.3.0\package\package.json not in flight; writing
45 verbose afterAdd C:\Users\ZhangLiao\AppData\Roaming\npm-cache\n\1.3.0\package\package.json written
46 silly install resolved [ { name: 'n',
46 silly install resolved     description: 'node version manager',
46 silly install resolved     version: '1.3.0',
46 silly install resolved     author: { name: 'TJ Holowaychuk', email: 'tj@vision-media.ca' },
46 silly install resolved     homepage: 'https://github.com/tj/n',
46 silly install resolved     bugs: { url: 'https://github.com/tj/n/issues' },
46 silly install resolved     contributors: [ [Object] ],
46 silly install resolved     keywords:
46 silly install resolved      [ 'nvm',
46 silly install resolved        'node',
46 silly install resolved        'version',
46 silly install resolved        'manager',
46 silly install resolved        'switcher',
46 silly install resolved        'node',
46 silly install resolved        'binary',
46 silly install resolved        'env' ],
46 silly install resolved     bin: { n: './bin/n' },
46 silly install resolved     repository: { type: 'git', url: 'git://github.com/tj/n.git' },
46 silly install resolved     preferGlobal: true,
46 silly install resolved     os: [ '!win32' ],
46 silly install resolved     engines: { node: '*' },
46 silly install resolved     license: 'MIT',
46 silly install resolved     gitHead: 'ab194b3b1ca8539b2b1f9f9755d1401a667d0a95',
46 silly install resolved     _id: 'n@1.3.0',
46 silly install resolved     scripts: {},
46 silly install resolved     _shasum: '95afad80d2c73e89151efc0b4e6a8905cbb8ed2d',
46 silly install resolved     _from: 'n@*',
46 silly install resolved     _npmVersion: '1.4.28',
46 silly install resolved     _npmUser: { name: 'tjwebb', email: 'me@traviswebb.com' },
46 silly install resolved     maintainers: [ [Object], [Object], [Object] ],
46 silly install resolved     dist:
46 silly install resolved      { shasum: '95afad80d2c73e89151efc0b4e6a8905cbb8ed2d',
46 silly install resolved        tarball: 'http://registry.npmjs.org/n/-/n-1.3.0.tgz' },
46 silly install resolved     directories: {},
46 silly install resolved     _resolved: 'https://registry.npmjs.org/n/-/n-1.3.0.tgz' } ]
47 info install n@1.3.0 into C:\Users\ZhangLiao\AppData\Roaming\npm
48 info installOne n@1.3.0
49 verbose installOne of n to C:\Users\ZhangLiao\AppData\Roaming\npm not in flight; installing
50 verbose lock using C:\Users\ZhangLiao\AppData\Roaming\npm-cache\_locks\n-0f9aa159c7b5d0e2.lock for C:\Users\ZhangLiao\AppData\Roaming\npm\node_modules\n
51 verbose unlock done using C:\Users\ZhangLiao\AppData\Roaming\npm-cache\_locks\n-0f9aa159c7b5d0e2.lock for C:\Users\ZhangLiao\AppData\Roaming\npm\node_modules\n
52 verbose stack Error: Unsupported
52 verbose stack     at checkPlatform (D:\Program Files\nodejs\node_modules\npm\node_modules\npm-install-checks\index.js:47:14)
52 verbose stack     at Array.<anonymous> (D:\Program Files\nodejs\node_modules\npm\node_modules\slide\lib\bind-actor.js:15:8)
52 verbose stack     at LOOP (D:\Program Files\nodejs\node_modules\npm\node_modules\slide\lib\chain.js:15:14)
52 verbose stack     at D:\Program Files\nodejs\node_modules\npm\node_modules\slide\lib\chain.js:18:7
52 verbose stack     at checkEngine (D:\Program Files\nodejs\node_modules\npm\node_modules\npm-install-checks\index.js:26:10)
52 verbose stack     at Array.<anonymous> (D:\Program Files\nodejs\node_modules\npm\node_modules\slide\lib\bind-actor.js:15:8)
52 verbose stack     at LOOP (D:\Program Files\nodejs\node_modules\npm\node_modules\slide\lib\chain.js:15:14)
52 verbose stack     at chain (D:\Program Files\nodejs\node_modules\npm\node_modules\slide\lib\chain.js:20:5)
52 verbose stack     at D:\Program Files\nodejs\node_modules\npm\lib\install.js:1024:5
52 verbose stack     at D:\Program Files\nodejs\node_modules\npm\lib\utils\locker.js:40:9
53 verbose pkgid n@1.3.0
54 verbose cwd E:\GitHub\rawbin-.github.io
55 error Windows_NT 6.1.7601
56 error argv "D:\\Program Files\\nodejs\\\\node.exe" "D:\\Program Files\\nodejs\\node_modules\\npm\\bin\\npm-cli.js" "install" "-g" "n"
57 error node v0.12.2
58 error npm  v2.7.4
59 error code EBADPLATFORM
60 error notsup Unsupported
60 error notsup Not compatible with your operating system or architecture: n@1.3.0
60 error notsup Valid OS:    !win32
60 error notsup Valid Arch:  any
60 error notsup Actual OS:   win32
60 error notsup Actual Arch: x64
61 verbose exit [ 1, true ]
